#
# A fatal error has been detected by the Java Runtime Environment:
#
#  EXCEPTION_ACCESS_VIOLATION (0xc0000005) at pc=0x00007ff97557f5a1, pid=15996, tid=0x0000000000004adc
#
# JRE version: Java(TM) SE Runtime Environment (8.0_431) (build 1.8.0_431-b10)
# Java VM: Java HotSpot(TM) 64-Bit Server VM (25.431-b10 mixed mode windows-amd64 compressed oops)
# Problematic frame:
# V  [jvm.dll+0x23f5a1]
#
# Failed to write core dump. Minidumps are not enabled by default on client versions of Windows
#
# If you would like to submit a bug report, please visit:
#   http://bugreport.java.com/bugreport/crash.jsp
#

---------------  T H R E A D  ---------------

Current thread (0x000001d8f84fb000):  VMThread [stack: 0x000000425bd00000,0x000000425be00000] [id=19164]

siginfo: ExceptionCode=0xc0000005, reading address 0x0000000000000008

Registers:
RAX=0x0000000000000000, RBX=0x000000425bdfed50, RCX=0x000000425bdfed50, RDX=0x0000000000000000
RSP=0x000000425bdfebc0, RBP=0x000000425bdff2b0, RSI=0x0000000000000000, RDI=0x000000425bdff430
R8 =0x0000000000000000, R9 =0x000001d8f7cac1c8, R10=0x000001d8f83342f0, R11=0x000001d8f7cac922
R12=0x000000000000000a, R13=0x000001d8e3f06730, R14=0x00000000000000b6, R15=0x00007ff975340000
RIP=0x00007ff97557f5a1, EFLAGS=0x0000000000010202

Top of Stack: (sp=0x000000425bdfebc0)
0x000000425bdfebc0:   0000000000000000 0000000000000000
0x000000425bdfebd0:   0000000000000000 0000000a00000002
0x000000425bdfebe0:   0000000000000000 0100f90100000007
0x000000425bdfebf0:   000001d8fa7e1310 000001d8f8020090
0x000000425bdfec00:   000001d8f8020090 0000000000000000
0x000000425bdfec10:   0000000000000000 0000000000000000
0x000000425bdfec20:   0000000000000000 0000000000000000
0x000000425bdfec30:   0000000000000000 0000000000000000
0x000000425bdfec40:   0000000000000000 000001d8f80200b0
0x000000425bdfec50:   0000000000020101 000001d8f80200b0
0x000000425bdfec60:   0000000000010101 0000000000020101
0x000000425bdfec70:   5c01210000000000 0000000a00000002
0x000000425bdfec80:   0000000000000000 e001090000000007
0x000000425bdfec90:   000001d8fa7e13b0 000001d8f80200b0
0x000000425bdfeca0:   000001d8f80200b0 0000000000000000
0x000000425bdfecb0:   0000000000000000 0000000000000000 

Instructions: (pc=0x00007ff97557f5a1)
0x00007ff97557f581:   33 c4 48 89 84 24 40 01 00 00 48 8b 41 08 48 8b
0x00007ff97557f591:   d9 c7 41 10 00 00 00 00 48 89 bc 24 70 01 00 00
0x00007ff97557f5a1:   80 78 08 28 74 42 41 b8 28 00 00 00 48 8d 15 dc
0x00007ff97557f5b1:   a0 3d 00 48 8d 4c 24 30 e8 02 bb de ff 4c 8d 0d 


Register to memory mapping:

RAX=0x0000000000000000 is an unknown value
RBX=0x000000425bdfed50 is an unknown value
RCX=0x000000425bdfed50 is an unknown value
RDX=0x0000000000000000 is an unknown value
RSP=0x000000425bdfebc0 is an unknown value
RBP=0x000000425bdff2b0 is an unknown value
RSI=0x0000000000000000 is an unknown value
RDI=0x000000425bdff430 is an unknown value
R8 =0x0000000000000000 is an unknown value
R9 =0x000001d8f7cac1c8 is pointing into metadata
R10=0x000001d8f83342f0 is an unknown value
R11=0x000001d8f7cac922 is pointing into metadata
R12=0x000000000000000a is an unknown value
R13=0x000001d8e3f06730 is an unknown value
R14=0x00000000000000b6 is an unknown value
R15=0x00007ff975340000 is an unknown value


Stack: [0x000000425bd00000,0x000000425be00000],  sp=0x000000425bdfebc0,  free space=1018k
Native frames: (J=compiled Java code, j=interpreted, Vv=VM code, C=native code)
V  [jvm.dll+0x23f5a1]
V  [jvm.dll+0x10f663]
V  [jvm.dll+0x111873]
V  [jvm.dll+0x111f20]
V  [jvm.dll+0x10f490]
V  [jvm.dll+0x10e55d]
V  [jvm.dll+0xd1d1b]
V  [jvm.dll+0xd2889]
V  [jvm.dll+0x11bdc4]
V  [jvm.dll+0x1407d7]
V  [jvm.dll+0x1c4f41]
V  [jvm.dll+0x256307]
V  [jvm.dll+0x254a0f]
V  [jvm.dll+0x2551b4]
V  [jvm.dll+0x255474]
V  [jvm.dll+0x2a595c]
C  [ucrtbase.dll+0x14ea0]
C  [KERNEL32.DLL+0x2dbe7]
C  [ntdll.dll+0xda94c]

VM_Operation (0x000000425c2ff260): GetOrSetLocal, mode: safepoint, requested by thread 0x000001d8fa722800


---------------  P R O C E S S  ---------------

Java Threads: ( => current thread )
  0x000001d8fa857800 JavaThread "Service Thread" daemon [_thread_blocked, id=4728, stack(0x000000425d100000,0x000000425d200000)]
  0x000001d8fa7a6000 JavaThread "C1 CompilerThread11" daemon [_thread_blocked, id=7372, stack(0x000000425d000000,0x000000425d100000)]
  0x000001d8fa7a4800 JavaThread "C1 CompilerThread10" daemon [_thread_blocked, id=12032, stack(0x000000425cf00000,0x000000425d000000)]
  0x000001d8fa7a5000 JavaThread "C1 CompilerThread9" daemon [_thread_blocked, id=18508, stack(0x000000425ce00000,0x000000425cf00000)]
  0x000001d8fa792000 JavaThread "C1 CompilerThread8" daemon [_thread_blocked, id=11576, stack(0x000000425cd00000,0x000000425ce00000)]
  0x000001d8fa789800 JavaThread "C2 CompilerThread7" daemon [_thread_blocked, id=12064, stack(0x000000425cc00000,0x000000425cd00000)]
  0x000001d8fa77e800 JavaThread "C2 CompilerThread6" daemon [_thread_blocked, id=11648, stack(0x000000425cb00000,0x000000425cc00000)]
  0x000001d8fa774000 JavaThread "C2 CompilerThread5" daemon [_thread_blocked, id=17076, stack(0x000000425ca00000,0x000000425cb00000)]
  0x000001d8fa773000 JavaThread "C2 CompilerThread4" daemon [_thread_blocked, id=12176, stack(0x000000425c900000,0x000000425ca00000)]
  0x000001d8fa772800 JavaThread "C2 CompilerThread3" daemon [_thread_blocked, id=14328, stack(0x000000425c800000,0x000000425c900000)]
  0x000001d8fa771800 JavaThread "C2 CompilerThread2" daemon [_thread_blocked, id=11220, stack(0x000000425c700000,0x000000425c800000)]
  0x000001d8fa752800 JavaThread "C2 CompilerThread1" daemon [_thread_blocked, id=5904, stack(0x000000425c600000,0x000000425c700000)]
  0x000001d8fa75a800 JavaThread "C2 CompilerThread0" daemon [_thread_blocked, id=11444, stack(0x000000425c500000,0x000000425c600000)]
  0x000001d8fa733800 JavaThread "JDWP Command Reader" daemon [_thread_in_native, id=16288, stack(0x000000425c400000,0x000000425c500000)]
  0x000001d8fa731000 JavaThread "JDWP Event Helper Thread" daemon [_thread_blocked, id=18660, stack(0x000000425c300000,0x000000425c400000)]
  0x000001d8fa722800 JavaThread "JDWP Transport Listener: dt_socket" daemon [_thread_blocked, id=11652, stack(0x000000425c200000,0x000000425c300000)]
  0x000001d8fa6ad000 JavaThread "Attach Listener" daemon [_thread_blocked, id=10480, stack(0x000000425c100000,0x000000425c200000)]
  0x000001d8fa6ac800 JavaThread "Signal Dispatcher" daemon [_thread_blocked, id=5896, stack(0x000000425c000000,0x000000425c100000)]
  0x000001d8f850a000 JavaThread "Finalizer" daemon [_thread_blocked, id=17940, stack(0x000000425bf00000,0x000000425c000000)]
  0x000001d8fa694000 JavaThread "Reference Handler" daemon [_thread_blocked, id=9972, stack(0x000000425be00000,0x000000425bf00000)]
  0x000001d8e3ea7800 JavaThread "main" [_thread_blocked, id=16300, stack(0x000000425ac00000,0x000000425ad00000)]

Other Threads:
=>0x000001d8f84fb000 VMThread [stack: 0x000000425bd00000,0x000000425be00000] [id=19164]
  0x000001d8fa86d800 WatcherThread [stack: 0x000000425d200000,0x000000425d300000] [id=11824]

VM state:at safepoint (normal execution)

VM Mutex/Monitor currently owned by a thread:  ([mutex/lock_event])
[0x000001d8e3ea3550] Threads_lock - owner thread: 0x000001d8f84fb000

heap address: 0x00000005c9000000, size: 8048 MB, Compressed Oops mode: Zero based, Oop shift amount: 3
Narrow klass base: 0x0000000000000000, Narrow klass shift: 3
Compressed class space size: 1073741824 Address: 0x00000007c0000000

Heap:
 PSYoungGen      total 150528K, used 36225K [0x0000000718580000, 0x0000000722d80000, 0x00000007c0000000)
  eden space 129024K, 28% used [0x0000000718580000,0x000000071a8e0408,0x0000000720380000)
  from space 21504K, 0% used [0x0000000721880000,0x0000000721880000,0x0000000722d80000)
  to   space 21504K, 0% used [0x0000000720380000,0x0000000720380000,0x0000000721880000)
 ParOldGen       total 344064K, used 0K [0x00000005c9000000, 0x00000005de000000, 0x0000000718580000)
  object space 344064K, 0% used [0x00000005c9000000,0x00000005c9000000,0x00000005de000000)
 Metaspace       used 8653K, capacity 8892K, committed 9088K, reserved 1056768K
  class space    used 991K, capacity 1059K, committed 1152K, reserved 1048576K

Card table byte_map: [0x000001d8f4e20000,0x000001d8f5de0000] byte_map_base: 0x000001d8f1fd8000

Marking Bits: (ParMarkBitMap*) 0x00007ff975b70200
 Begin Bits: [0x000001d880000000, 0x000001d887dc0000)
 End Bits:   [0x000001d887dc0000, 0x000001d88fb80000)

Polling page: 0x000001d8e3fd0000

CodeCache: size=245760Kb used=3751Kb max_used=3751Kb free=242008Kb
 bounds [0x000001d8e5a60000, 0x000001d8e5e10000, 0x000001d8f4a60000]
 total_blobs=675 nmethods=363 adapters=230
 compilation: enabled

Compilation events (10 events):
Event: 0.252 Thread 0x000001d8fa7a6000  313       1       java.lang.System::getSecurityManager (4 bytes)
Event: 0.252 Thread 0x000001d8fa7a5000 nmethod 310 0x000001d8e5df5f50 code [0x000001d8e5df61e0, 0x000001d8e5df72b0]
Event: 0.252 Thread 0x000001d8fa7a6000 nmethod 313 0x000001d8e5deabd0 code [0x000001d8e5dead20, 0x000001d8e5deae18]
Event: 0.253 Thread 0x000001d8fa7a4800  314       3       sun.misc.Launcher$AppClassLoader::loadClass (85 bytes)
Event: 0.253 Thread 0x000001d8fa792000  315  s    3       sun.misc.URLClassPath::knownToNotExist (24 bytes)
Event: 0.253 Thread 0x000001d8fa792000 nmethod 315 0x000001d8e5dec990 code [0x000001d8e5decb00, 0x000001d8e5decef0]
Event: 0.254 Thread 0x000001d8fa7a6000  316       3       java.util.regex.Pattern$5::isSatisfiedBy (28 bytes)
Event: 0.254 Thread 0x000001d8fa7a4800 nmethod 314 0x000001d8e5dfbe50 code [0x000001d8e5dfc080, 0x000001d8e5dfce10]
Event: 0.254 Thread 0x000001d8fa7a6000 nmethod 316 0x000001d8e5dec2d0 code [0x000001d8e5dec460, 0x000001d8e5dec800]
Event: 0.265 Thread 0x000001d8fa75a800 nmethod 305 0x000001d8e5e01750 code [0x000001d8e5e01a00, 0x000001d8e5e03188]

GC Heap History (0 events):
No events

Deoptimization events (1 events):
Event: 0.113 Thread 0x000001d8e3ea7800 Uncommon trap: reason=unstable_if action=reinterpret pc=0x000001d8e5d0e0c4 method=java.lang.String.hashCode()I @ 14

Classes redefined (2 events):
Event: 1745.132 Thread 0x000001d8f84fb000 redefined class name=cn.bugstack.springframework.beans.factory.support.AbstractBeanFactory, count=1
Event: 2247.359 Thread 0x000001d8f84fb000 redefined class name=cn.bugstack.springframework.beans.factory.support.AbstractBeanFactory, count=2

Internal exceptions (7 events):
Event: 0.028 Thread 0x000001d8e3ea7800 Exception <a 'java/lang/NoSuchMethodError': Method sun.misc.Unsafe.defineClass(Ljava/lang/String;[BII)Ljava/lang/Class; name or signature does not match> (0x0000000718587ce8) thrown at [C:\jenkins\workspace\8-2-build-windows-x64-cygwin-sans-NAS\jdk8u431\1
Event: 0.029 Thread 0x000001d8e3ea7800 Exception <a 'java/lang/NoSuchMethodError': Method sun.misc.Unsafe.prefetchRead(Ljava/lang/Object;J)V name or signature does not match> (0x0000000718587fd0) thrown at [C:\jenkins\workspace\8-2-build-windows-x64-cygwin-sans-NAS\jdk8u431\1359\hotspot\src\sh
Event: 0.130 Thread 0x000001d8e3ea7800 Exception <a 'java/io/FileNotFoundException'> (0x0000000718fae648) thrown at [C:\jenkins\workspace\8-2-build-windows-x64-cygwin-sans-NAS\jdk8u431\1359\hotspot\src\share\vm\prims\jni.cpp, line 710]
Event: 0.150 Thread 0x000001d8e3ea7800 Exception <a 'java/security/PrivilegedActionException'> (0x000000071909b488) thrown at [C:\jenkins\workspace\8-2-build-windows-x64-cygwin-sans-NAS\jdk8u431\1359\hotspot\src\share\vm\prims\jvm.cpp, line 1513]
Event: 0.150 Thread 0x000001d8e3ea7800 Exception <a 'java/security/PrivilegedActionException'> (0x000000071909b880) thrown at [C:\jenkins\workspace\8-2-build-windows-x64-cygwin-sans-NAS\jdk8u431\1359\hotspot\src\share\vm\prims\jvm.cpp, line 1513]
Event: 68.121 Thread 0x000001d8e3ea7800 Exception <a 'java/lang/NoSuchFieldError': method resolution failed> (0x0000000719cf9930) thrown at [C:\jenkins\workspace\8-2-build-windows-x64-cygwin-sans-NAS\jdk8u431\1359\hotspot\src\share\vm\prims\methodHandles.cpp, line 1188]
Event: 68.124 Thread 0x000001d8e3ea7800 Exception <a 'java/lang/NoSuchFieldError': method resolution failed> (0x0000000719d08668) thrown at [C:\jenkins\workspace\8-2-build-windows-x64-cygwin-sans-NAS\jdk8u431\1359\hotspot\src\share\vm\prims\methodHandles.cpp, line 1188]

Events (10 events):
Event: 2247.445 Executing VM operation: GetFrameLocation done
Event: 2247.445 Executing VM operation: GetFrameLocation
Event: 2247.445 Executing VM operation: GetFrameLocation done
Event: 2247.462 Executing VM operation: GetFrameCount
Event: 2247.462 Executing VM operation: GetFrameCount done
Event: 2247.462 Executing VM operation: GetFrameLocation
Event: 2247.462 Executing VM operation: GetFrameLocation done
Event: 2247.462 Executing VM operation: GetFrameLocation
Event: 2247.462 Executing VM operation: GetFrameLocation done
Event: 2247.462 Executing VM operation: GetOrSetLocal


Dynamic libraries:
0x00007ff6cd620000 - 0x00007ff6cd66f000 	D:\DevlopsToos\jdk1.8.0_431\bin\java.exe
0x00007ff9e7ec0000 - 0x00007ff9e8122000 	C:\Windows\SYSTEM32\ntdll.dll
0x00007ff9e6d40000 - 0x00007ff9e6e07000 	C:\Windows\System32\KERNEL32.DLL
0x00007ff9e52d0000 - 0x00007ff9e5670000 	C:\Windows\System32\KERNELBASE.dll
0x00007ff9e6090000 - 0x00007ff9e6142000 	C:\Windows\System32\ADVAPI32.dll
0x00007ff9e6150000 - 0x00007ff9e61f9000 	C:\Windows\System32\msvcrt.dll
0x00007ff9e6f40000 - 0x00007ff9e6fe7000 	C:\Windows\System32\sechost.dll
0x00007ff9e7550000 - 0x00007ff9e7666000 	C:\Windows\System32\RPCRT4.dll
0x00007ff9e7cb0000 - 0x00007ff9e7e72000 	C:\Windows\System32\USER32.dll
0x00007ff9e57b0000 - 0x00007ff9e57d7000 	C:\Windows\System32\win32u.dll
0x00007ff9e6ea0000 - 0x00007ff9e6eca000 	C:\Windows\System32\GDI32.dll
0x00007ff9e5680000 - 0x00007ff9e57a1000 	C:\Windows\System32\gdi32full.dll
0x00007ff9e5b40000 - 0x00007ff9e5be3000 	C:\Windows\System32\msvcp_win.dll
0x00007ff9e5bf0000 - 0x00007ff9e5d3c000 	C:\Windows\System32\ucrtbase.dll
0x00007ff9d2430000 - 0x00007ff9d26c0000 	C:\Windows\WinSxS\amd64_microsoft.windows.common-controls_6595b64144ccf1df_6.0.26100.712_none_4446894f1c2e6cc3\COMCTL32.dll
0x00007ff9e7510000 - 0x00007ff9e753f000 	C:\Windows\System32\IMM32.DLL
0x00007ff9c2780000 - 0x00007ff9c279b000 	D:\DevlopsToos\jdk1.8.0_431\jre\bin\vcruntime140.dll
0x00007ff9c2770000 - 0x00007ff9c277c000 	D:\DevlopsToos\jdk1.8.0_431\jre\bin\vcruntime140_1.dll
0x00007ff9b2980000 - 0x00007ff9b2a0e000 	D:\DevlopsToos\jdk1.8.0_431\jre\bin\msvcp140.dll
0x00007ff975340000 - 0x00007ff975bea000 	D:\DevlopsToos\jdk1.8.0_431\jre\bin\server\jvm.dll
0x00007ff9e6ed0000 - 0x00007ff9e6ed8000 	C:\Windows\System32\PSAPI.DLL
0x00007ff9cbaf0000 - 0x00007ff9cbafa000 	C:\Windows\SYSTEM32\WSOCK32.dll
0x00007ff9d3b80000 - 0x00007ff9d3b8b000 	C:\Windows\SYSTEM32\VERSION.dll
0x00007ff9e7c30000 - 0x00007ff9e7ca4000 	C:\Windows\System32\WS2_32.dll
0x00007ff9d26d0000 - 0x00007ff9d2706000 	C:\Windows\SYSTEM32\WINMM.dll
0x00007ff9e42b0000 - 0x00007ff9e42ca000 	C:\Windows\SYSTEM32\kernel.appcore.dll
0x00007ff9b6e40000 - 0x00007ff9b6e50000 	D:\DevlopsToos\jdk1.8.0_431\jre\bin\verify.dll
0x00007ff9b6030000 - 0x00007ff9b605b000 	D:\DevlopsToos\jdk1.8.0_431\jre\bin\java.dll
0x00007ff9b2940000 - 0x00007ff9b2976000 	D:\DevlopsToos\jdk1.8.0_431\jre\bin\jdwp.dll
0x00007ff9b6e30000 - 0x00007ff9b6e39000 	D:\DevlopsToos\jdk1.8.0_431\jre\bin\npt.dll
0x00007ff9b2900000 - 0x00007ff9b2937000 	D:\DevlopsToos\jdk1.8.0_431\jre\bin\instrument.dll
0x00007ff9b52f0000 - 0x00007ff9b5308000 	D:\DevlopsToos\jdk1.8.0_431\jre\bin\zip.dll
0x00007ff9e63e0000 - 0x00007ff9e6ad2000 	C:\Windows\System32\SHELL32.dll
0x00007ff9e30e0000 - 0x00007ff9e3904000 	C:\Windows\SYSTEM32\windows.storage.dll
0x00007ff9e7190000 - 0x00007ff9e7505000 	C:\Windows\System32\combase.dll
0x00007ff9e5ea0000 - 0x00007ff9e5f73000 	C:\Windows\System32\SHCORE.dll
0x00007ff9e6ee0000 - 0x00007ff9e6f3d000 	C:\Windows\System32\shlwapi.dll
0x00007ff9e51f0000 - 0x00007ff9e5214000 	C:\Windows\SYSTEM32\profapi.dll
0x00007ff9b6e20000 - 0x00007ff9b6e2a000 	D:\DevlopsToos\jdk1.8.0_431\jre\bin\dt_socket.dll
0x00007ff9e4770000 - 0x00007ff9e47d8000 	C:\Windows\system32\mswsock.dll
0x00007ff9e2920000 - 0x00007ff9e2b61000 	C:\Windows\SYSTEM32\dbghelp.dll
0x00007ff9e7b50000 - 0x00007ff9e7c26000 	C:\Windows\System32\OLEAUT32.dll
0x00007ff9e58a0000 - 0x00007ff9e5939000 	C:\Windows\System32\bcryptPrimitives.dll

VM Arguments:
jvm_args: -agentlib:jdwp=transport=dt_socket,address=127.0.0.1:50324,suspend=y,server=n -Dvisualvm.id=262740512100 -ea -Didea.test.cyclic.buffer.size=1048576 -javaagent:C:\Users\Michel\AppData\Local\JetBrains\IntelliJIdea2024.2\captureAgent\debugger-agent.jar -Dkotlinx.coroutines.debug.enable.creation.stack.trace=false -Ddebugger.agent.enable.coroutines=true -Dfile.encoding=UTF-8 
java_command: com.intellij.rt.junit.JUnitStarter -ideVersion5 -junit4 cn.bugstack.springframework.test.ApiTest,test_factory_bean
java_class_path (initial): D:\DevlopsToos\IntelliJ IDEA 2024.2.1\lib\idea_rt.jar;D:\DevlopsToos\IntelliJ IDEA 2024.2.1\plugins\junit\lib\junit5-rt.jar;D:\DevlopsToos\IntelliJ IDEA 2024.2.1\plugins\junit\lib\junit-rt.jar;D:\DevlopsToos\jdk1.8.0_431\jre\lib\charsets.jar;D:\DevlopsToos\jdk1.8.0_431\jre\lib\deploy.jar;D:\DevlopsToos\jdk1.8.0_431\jre\lib\ext\access-bridge-64.jar;D:\DevlopsToos\jdk1.8.0_431\jre\lib\ext\cldrdata.jar;D:\DevlopsToos\jdk1.8.0_431\jre\lib\ext\dnsns.jar;D:\DevlopsToos\jdk1.8.0_431\jre\lib\ext\jaccess.jar;D:\DevlopsToos\jdk1.8.0_431\jre\lib\ext\jfxrt.jar;D:\DevlopsToos\jdk1.8.0_431\jre\lib\ext\localedata.jar;D:\DevlopsToos\jdk1.8.0_431\jre\lib\ext\nashorn.jar;D:\DevlopsToos\jdk1.8.0_431\jre\lib\ext\sunec.jar;D:\DevlopsToos\jdk1.8.0_431\jre\lib\ext\sunjce_provider.jar;D:\DevlopsToos\jdk1.8.0_431\jre\lib\ext\sunmscapi.jar;D:\DevlopsToos\jdk1.8.0_431\jre\lib\ext\sunpkcs11.jar;D:\DevlopsToos\jdk1.8.0_431\jre\lib\ext\zipfs.jar;D:\DevlopsToos\jdk1.8.0_431\jre\lib\javaws.jar;D:\DevlopsToos\jdk1.8.0_431\jre\lib\jce.jar;D:\DevlopsToos\jdk1.8.0_431\jre\lib\jfr.jar;D:\DevlopsToos\jdk1.8.0_431\jre\lib\jfxswt.jar;D:\DevlopsToos\jdk1.8.0_431\jre\lib\jsse.jar;D:\DevlopsToos\jdk1.8.0_431\jre\lib\management-agent.jar;D:\DevlopsToos\jdk1.8.0_431\jre\lib\plugin.jar;D:\DevlopsToos\jdk1.8.0_431\jre\lib\resources.jar;D:\DevlopsToos\jdk1.8.0_431\jre\lib\rt.jar;D:\IdeaWorkspace\small-spring\target\test-classes;D:\IdeaWorkspace\small-spring\target\classes;D:\DevlopsToos\maven\.m2\repository\junit\junit\4.13.2\junit-4.13.2.jar;D:\DevlopsToos\maven\.m2\repository\org\hamcrest\hamcrest-core\1.3\hamcrest-core-1.3.jar;D:\DevlopsToos\maven\.m2\repository\cglib\cglib\3.3.0\cglib-3.3.0.jar;D:\DevlopsToos\maven\.m2\repository\org\ow2\asm\asm\7.1\asm-7.1.jar;D:\DevlopsToos\maven\.m2\repository\cn\hutool\hutool-all\5.5.0\hutool-all-5.5.0.jar;C:\Users\Michel\AppData\Local\JetBrains\IntelliJIdea2024.2\captureAgent\debugger-agent.jar
Launcher Type: SUN_STANDARD

Environment Variables:
PATH=D:\DevlopsToos\vmware\bin\;C:\Windows\system32;C:\Windows;C:\Windows\System32\Wbem;C:\Windows\System32\WindowsPowerShell\v1.0\;C:\Windows\System32\OpenSSH\;C:\Program Files\dotnet\;D:\DevlopsToos\Git\cmd;D:\DevlopsToos\putty\;C:\Program Files\Docker\Docker\resources\bin;D:\DevlopsToos\xshell\;C:\Users\Michel\AppData\Local\Microsoft\WindowsApps;D:\DevlopsToos\Microsoft VS Code\bin
USERNAME=Michel
OS=Windows_NT
PROCESSOR_IDENTIFIER=Intel64 Family 6 Model 170 Stepping 4, GenuineIntel



---------------  S Y S T E M  ---------------

OS: Windows 11 , 64 bit Build 26100 (10.0.26100.1301)

CPU:total 22 (initial active 22) (11 cores per cpu, 2 threads per core) family 6 model 170 stepping 4, cmov, cx8, fxsr, mmx, sse, sse2, sse3, ssse3, sse4.1, sse4.2, popcnt, avx, avx2, aes, clmul, erms, 3dnowpref, lzcnt, ht, tsc, tscinvbit, bmi1, bmi2, adx

Memory: 4k page, physical 32961912k(20292480k free), swap 35059064k(20079988k free)

vm_info: Java HotSpot(TM) 64-Bit Server VM (25.431-b10) for windows-amd64 JRE (1.8.0_431-b10), built on Sep 30 2024 08:11:54 by "java_re" with MS VC++ 17.6 (VS2022)

time: Sat Jul 26 17:17:20 2025
timezone: Intel64 Family 6 Model 170 Stepping 4, GenuineIntel
elapsed time: 2247.482731 seconds (0d 0h 37m 27s)

